TN:
SF:script/Counter.s.sol
FN:7,CounterScript.setUp
FNDA:0,CounterScript.setUp
FN:9,CounterScript.run
FNDA:0,CounterScript.run
DA:10,0
DA:10,0
FNF:2
FNH:0
LF:1
LH:0
BRF:0
BRH:0
end_of_record
TN:
SF:src/DebtEngine.sol
FN:26,DebtEngine.debt
FNDA:1,DebtEngine.debt
DA:27,1
DA:27,1
DA:27,1
FN:33,DebtEngine.debt
FNDA:1,DebtEngine.debt
DA:34,2
DA:34,2
DA:35,2
DA:35,2
FN:39,DebtEngine.creditEvents
FNDA:1,DebtEngine.creditEvents
DA:40,1
DA:40,1
DA:40,1
FN:44,DebtEngine.creditEvents
FNDA:1,DebtEngine.creditEvents
DA:45,2
DA:45,2
DA:46,2
DA:46,2
FN:54,DebtEngine.setDebt
FNDA:3,DebtEngine.setDebt
DA:55,2
DA:55,2
FN:59,DebtEngine.setCreditEvents
FNDA:3,DebtEngine.setCreditEvents
DA:60,2
DA:60,2
FN:68,DebtEngine.hasRole
FNDA:0,DebtEngine.hasRole
DA:73,6
DA:73,6
BRDA:73,0,0,4
BRDA:73,0,1,2
DA:74,4
DA:74,4
DA:76,2
DA:76,2
DA:76,2
FNF:7
FNH:6
LF:11
LH:11
BRF:2
BRH:2
end_of_record
