TN:
SF:src/DebtEngine.sol
FN:47,DebtEngine.debt
FNDA:1,DebtEngine.debt
DA:48,1
DA:48,1
DA:48,1
FN:54,DebtEngine.debt
FNDA:3,DebtEngine.debt
DA:57,4
DA:57,4
DA:58,4
DA:58,4
FN:64,DebtEngine.creditEvents
FNDA:1,DebtEngine.creditEvents
DA:65,1
DA:65,1
DA:65,1
FN:71,DebtEngine.creditEvents
FNDA:3,DebtEngine.creditEvents
DA:74,4
DA:74,4
DA:75,4
DA:75,4
FN:82,DebtEngine.setDebt
FNDA:3,DebtEngine.setDebt
DA:86,2
DA:86,2
FN:92,DebtEngine.setCreditEvents
FNDA:3,DebtEngine.setCreditEvents
DA:96,2
DA:96,2
FN:102,DebtEngine.setCreditEventsBatch
FNDA:3,DebtEngine.setCreditEventsBatch
DA:106,2
DA:106,2
BRDA:106,0,0,1
BRDA:106,0,1,1
DA:107,1
DA:107,1
DA:110,1
DA:110,1
DA:110,3
DA:110,2
DA:111,2
DA:111,2
FN:118,DebtEngine.setDebtBatch
FNDA:3,DebtEngine.setDebtBatch
DA:122,2
DA:122,2
BRDA:122,1,0,1
BRDA:122,1,1,1
DA:123,1
DA:123,1
DA:126,1
DA:126,1
DA:126,3
DA:126,2
DA:127,2
DA:127,2
FN:136,DebtEngine.hasRole
FNDA:0,DebtEngine.hasRole
DA:141,12
DA:141,12
BRDA:141,2,0,8
BRDA:141,2,1,4
DA:142,8
DA:142,8
DA:144,4
DA:144,4
DA:144,4
FN:154,DebtEngine._msgSender
FNDA:12,DebtEngine._msgSender
DA:160,12
DA:160,12
DA:160,12
FN:166,DebtEngine._msgData
FNDA:0,DebtEngine._msgData
DA:172,0
DA:172,0
DA:172,0
FN:178,DebtEngine._contextSuffixLength
FNDA:12,DebtEngine._contextSuffixLength
DA:184,12
DA:184,12
DA:184,12
FNF:12
FNH:10
LF:22
LH:21
BRF:6
BRH:6
end_of_record
