TN:
SF:script/Counter.s.sol
FN:7,CounterScript.setUp
FNDA:0,CounterScript.setUp
FN:9,CounterScript.run
FNDA:0,CounterScript.run
DA:10,0
DA:10,0
FNF:2
FNH:0
LF:1
LH:0
BRF:0
BRH:0
end_of_record
TN:
SF:src/DebtEngine.sol
FN:29,DebtEngine.debt
FNDA:1,DebtEngine.debt
DA:30,1
DA:30,1
DA:30,1
FN:36,DebtEngine.debt
FNDA:3,DebtEngine.debt
DA:37,4
DA:37,4
DA:38,4
DA:38,4
FN:44,DebtEngine.creditEvents
FNDA:1,DebtEngine.creditEvents
DA:45,1
DA:45,1
DA:45,1
FN:51,DebtEngine.creditEvents
FNDA:3,DebtEngine.creditEvents
DA:52,4
DA:52,4
DA:53,4
DA:53,4
FN:62,DebtEngine.setDebt
FNDA:3,DebtEngine.setDebt
DA:63,2
DA:63,2
FN:69,DebtEngine.setCreditEvents
FNDA:3,DebtEngine.setCreditEvents
DA:70,2
DA:70,2
FN:73,DebtEngine.setCreditEventsBatch
FNDA:3,DebtEngine.setCreditEventsBatch
DA:74,2
DA:74,2
BRDA:74,0,0,1
BRDA:74,0,1,1
DA:75,1
DA:75,1
DA:78,1
DA:78,1
DA:78,3
DA:78,2
DA:79,2
DA:79,2
FN:83,DebtEngine.setDebtsBatch
FNDA:3,DebtEngine.setDebtsBatch
DA:84,2
DA:84,2
BRDA:84,1,0,1
BRDA:84,1,1,1
DA:85,1
DA:85,1
DA:88,1
DA:88,1
DA:88,3
DA:88,2
DA:89,2
DA:89,2
FN:98,DebtEngine.hasRole
FNDA:0,DebtEngine.hasRole
DA:103,12
DA:103,12
BRDA:103,2,0,8
BRDA:103,2,1,4
DA:104,8
DA:104,8
DA:106,4
DA:106,4
DA:106,4
FNF:9
FNH:8
LF:19
LH:19
BRF:6
BRH:6
end_of_record
